E:\DEVSHARE\RESOURCE\TRADER-DEMO-LINUX64\DEBUG\CONFIG.OBJ
E:\DEVSHARE\RESOURCE\TRADER-DEMO-LINUX64\DEBUG\CTPQUOTE.OBJ
E:\DEVSHARE\RESOURCE\TRADER-DEMO-LINUX64\DEBUG\CTPTRADE.OBJ
E:\DEVSHARE\RESOURCE\TRADER-DEMO-LINUX64\DEBUG\CTPTRADER.OBJ
E:\DEVSHARE\RESOURCE\TRADER-DEMO-LINUX64\DEBUG\DATALOCAL.OBJ
E:\DEVSHARE\RESOURCE\TRADER-DEMO-LINUX64\DEBUG\MARKET.OBJ
E:\DEVSHARE\RESOURCE\TRADER-DEMO-LINUX64\DEBUG\NTP.OBJ
E:\DEVSHARE\RESOURCE\TRADER-DEMO-LINUX64\DEBUG\QUOTE.OBJ
E:\DEVSHARE\RESOURCE\TRADER-DEMO-LINUX64\DEBUG\CSEM.OBJ
E:\DEVSHARE\RESOURCE\TRADER-DEMO-LINUX64\DEBUG\MAIN.OBJ
E:\DEVSHARE\RESOURCE\TRADER-DEMO-LINUX64\DEBUG\STRATEGYFRAME.OBJ
E:\DEVSHARE\RESOURCE\TRADER-DEMO-LINUX64\DEBUG\TRADER.OBJ
E:\DEVSHARE\RESOURCE\TRADER-DEMO-LINUX64\DEBUG\VC110.PDB
E:\DEVSHARE\RESOURCE\TRADER-DEMO-LINUX64\DEBUG\LUAJIT_SUPPORT.OBJ
E:\DEVSHARE\RESOURCE\TRADER-DEMO-LINUX64\DEBUG\PYTHON_SUPPORT.OBJ
E:\DEVSHARE\RESOURCE\TRADER-DEMO-LINUX64\DEBUG\MSGQUEUE.OBJ
E:\DEVSHARE\RESOURCE\TRADER-DEMO-LINUX64\DEBUG\BOOSTHELP.OBJ
E:\DEVSHARE\RESOURCE\TRADER-DEMO-LINUX64\DEBUG\CTPQUOTER.OBJ
E:\devshare\resource\trader-demo-linux64\Debug\CTP_DemoLin.lib
E:\devshare\resource\trader-demo-linux64\Debug\CTP_DemoLin.exp
E:\DEVSHARE\RESOURCE\TRADER-DEMO-LINUX64\DEBUG\CTP_DEMOLIN.ILK
E:\DEVSHARE\RESOURCE\TRADER-DEMO-LINUX64\DEBUG\CTP_DEMOLIN.EXE
E:\DEVSHARE\RESOURCE\TRADER-DEMO-LINUX64\DEBUG\CTP_DEMOLIN.PDB
E:\DEVSHARE\RESOURCE\TRADER-DEMO-LINUX64\DEBUG\CTP_DEMOLIN.RES
E:\devshare\resource\trader-demo-linux64\Debug\boosthelp.obj
E:\devshare\resource\trader-demo-linux64\Debug\config.obj
E:\devshare\resource\trader-demo-linux64\Debug\CSem.obj
E:\devshare\resource\trader-demo-linux64\Debug\CtpQuote.obj
E:\devshare\resource\trader-demo-linux64\Debug\CtpQuoter.obj
E:\devshare\resource\trader-demo-linux64\Debug\CtpTrade.obj
E:\devshare\resource\trader-demo-linux64\Debug\CtpTrader.obj
E:\devshare\resource\trader-demo-linux64\Debug\datalocal.obj
E:\devshare\resource\trader-demo-linux64\Debug\luajit_support.obj
E:\devshare\resource\trader-demo-linux64\Debug\main.obj
E:\devshare\resource\trader-demo-linux64\Debug\market.obj
E:\devshare\resource\trader-demo-linux64\Debug\msgqueue.obj
E:\devshare\resource\trader-demo-linux64\Debug\ntp.obj
E:\devshare\resource\trader-demo-linux64\Debug\python_support.obj
E:\devshare\resource\trader-demo-linux64\Debug\Quote.obj
E:\devshare\resource\trader-demo-linux64\Debug\StrategyFrame.obj
E:\devshare\resource\trader-demo-linux64\Debug\trader.obj
E:\devshare\resource\trader-demo-linux64\Debug\cl.command.1.tlog
E:\devshare\resource\trader-demo-linux64\Debug\CL.read.1.tlog
E:\devshare\resource\trader-demo-linux64\Debug\CL.write.1.tlog
E:\devshare\resource\trader-demo-linux64\Debug\CTP_DemoLin.write.1.tlog
E:\devshare\resource\trader-demo-linux64\Debug\link-cvtres.read.1.tlog
E:\devshare\resource\trader-demo-linux64\Debug\link-cvtres.write.1.tlog
E:\devshare\resource\trader-demo-linux64\Debug\link-rc.read.1.tlog
E:\devshare\resource\trader-demo-linux64\Debug\link-rc.write.1.tlog
E:\devshare\resource\trader-demo-linux64\Debug\link.13168.read.1.tlog
E:\devshare\resource\trader-demo-linux64\Debug\link.13168.write.1.tlog
E:\devshare\resource\trader-demo-linux64\Debug\link.1620-cvtres.read.1.tlog
E:\devshare\resource\trader-demo-linux64\Debug\link.1620-cvtres.write.1.tlog
E:\devshare\resource\trader-demo-linux64\Debug\link.1620-rc.read.1.tlog
E:\devshare\resource\trader-demo-linux64\Debug\link.1620-rc.write.1.tlog
E:\devshare\resource\trader-demo-linux64\Debug\link.1620.read.1.tlog
E:\devshare\resource\trader-demo-linux64\Debug\link.1620.write.1.tlog
E:\devshare\resource\trader-demo-linux64\Debug\link.1716-cvtres.read.1.tlog
E:\devshare\resource\trader-demo-linux64\Debug\link.1716-cvtres.write.1.tlog
E:\devshare\resource\trader-demo-linux64\Debug\link.1716-rc.read.1.tlog
E:\devshare\resource\trader-demo-linux64\Debug\link.1716-rc.write.1.tlog
E:\devshare\resource\trader-demo-linux64\Debug\link.1716.read.1.tlog
E:\devshare\resource\trader-demo-linux64\Debug\link.1716.write.1.tlog
E:\devshare\resource\trader-demo-linux64\Debug\link.1872-cvtres.read.1.tlog
E:\devshare\resource\trader-demo-linux64\Debug\link.1872-cvtres.write.1.tlog
E:\devshare\resource\trader-demo-linux64\Debug\link.1872-rc.read.1.tlog
E:\devshare\resource\trader-demo-linux64\Debug\link.1872-rc.write.1.tlog
E:\devshare\resource\trader-demo-linux64\Debug\link.1872.read.1.tlog
E:\devshare\resource\trader-demo-linux64\Debug\link.1872.write.1.tlog
E:\devshare\resource\trader-demo-linux64\Debug\link.2932-cvtres.read.1.tlog
E:\devshare\resource\trader-demo-linux64\Debug\link.2932-cvtres.write.1.tlog
E:\devshare\resource\trader-demo-linux64\Debug\link.2932-rc.read.1.tlog
E:\devshare\resource\trader-demo-linux64\Debug\link.2932-rc.write.1.tlog
E:\devshare\resource\trader-demo-linux64\Debug\link.2932.read.1.tlog
E:\devshare\resource\trader-demo-linux64\Debug\link.2932.write.1.tlog
E:\devshare\resource\trader-demo-linux64\Debug\link.3076-cvtres.read.1.tlog
E:\devshare\resource\trader-demo-linux64\Debug\link.3076-cvtres.write.1.tlog
E:\devshare\resource\trader-demo-linux64\Debug\link.3076-rc.read.1.tlog
E:\devshare\resource\trader-demo-linux64\Debug\link.3076-rc.write.1.tlog
E:\devshare\resource\trader-demo-linux64\Debug\link.3076.read.1.tlog
E:\devshare\resource\trader-demo-linux64\Debug\link.3076.write.1.tlog
E:\devshare\resource\trader-demo-linux64\Debug\link.4488-cvtres.read.1.tlog
E:\devshare\resource\trader-demo-linux64\Debug\link.4488-cvtres.write.1.tlog
E:\devshare\resource\trader-demo-linux64\Debug\link.4488-rc.read.1.tlog
E:\devshare\resource\trader-demo-linux64\Debug\link.4488-rc.write.1.tlog
E:\devshare\resource\trader-demo-linux64\Debug\link.4488.read.1.tlog
E:\devshare\resource\trader-demo-linux64\Debug\link.4488.write.1.tlog
E:\devshare\resource\trader-demo-linux64\Debug\link.5480-cvtres.read.1.tlog
E:\devshare\resource\trader-demo-linux64\Debug\link.5480-cvtres.write.1.tlog
E:\devshare\resource\trader-demo-linux64\Debug\link.5480-rc.read.1.tlog
E:\devshare\resource\trader-demo-linux64\Debug\link.5480-rc.write.1.tlog
E:\devshare\resource\trader-demo-linux64\Debug\link.5480.read.1.tlog
E:\devshare\resource\trader-demo-linux64\Debug\link.5480.write.1.tlog
E:\devshare\resource\trader-demo-linux64\Debug\link.5740-cvtres.read.1.tlog
E:\devshare\resource\trader-demo-linux64\Debug\link.5740-cvtres.write.1.tlog
E:\devshare\resource\trader-demo-linux64\Debug\link.5740-rc.read.1.tlog
E:\devshare\resource\trader-demo-linux64\Debug\link.5740-rc.write.1.tlog
E:\devshare\resource\trader-demo-linux64\Debug\link.5740.read.1.tlog
E:\devshare\resource\trader-demo-linux64\Debug\link.5740.write.1.tlog
E:\devshare\resource\trader-demo-linux64\Debug\link.6828.read.1.tlog
E:\devshare\resource\trader-demo-linux64\Debug\link.6828.write.1.tlog
E:\devshare\resource\trader-demo-linux64\Debug\link.7716-cvtres.read.1.tlog
E:\devshare\resource\trader-demo-linux64\Debug\link.7716-cvtres.write.1.tlog
E:\devshare\resource\trader-demo-linux64\Debug\link.7716-rc.read.1.tlog
E:\devshare\resource\trader-demo-linux64\Debug\link.7716-rc.write.1.tlog
E:\devshare\resource\trader-demo-linux64\Debug\link.7716.read.1.tlog
E:\devshare\resource\trader-demo-linux64\Debug\link.7716.write.1.tlog
E:\devshare\resource\trader-demo-linux64\Debug\link.7844-cvtres.read.1.tlog
E:\devshare\resource\trader-demo-linux64\Debug\link.7844-cvtres.write.1.tlog
E:\devshare\resource\trader-demo-linux64\Debug\link.7844-rc.read.1.tlog
E:\devshare\resource\trader-demo-linux64\Debug\link.7844-rc.write.1.tlog
E:\devshare\resource\trader-demo-linux64\Debug\link.7844.read.1.tlog
E:\devshare\resource\trader-demo-linux64\Debug\link.7844.write.1.tlog
E:\devshare\resource\trader-demo-linux64\Debug\link.9472-cvtres.read.1.tlog
E:\devshare\resource\trader-demo-linux64\Debug\link.9472-cvtres.write.1.tlog
E:\devshare\resource\trader-demo-linux64\Debug\link.9472-rc.read.1.tlog
E:\devshare\resource\trader-demo-linux64\Debug\link.9472-rc.write.1.tlog
E:\devshare\resource\trader-demo-linux64\Debug\link.9472.read.1.tlog
E:\devshare\resource\trader-demo-linux64\Debug\link.9472.write.1.tlog
E:\devshare\resource\trader-demo-linux64\Debug\link.988-cvtres.read.1.tlog
E:\devshare\resource\trader-demo-linux64\Debug\link.988-cvtres.write.1.tlog
E:\devshare\resource\trader-demo-linux64\Debug\link.988-rc.read.1.tlog
E:\devshare\resource\trader-demo-linux64\Debug\link.988-rc.write.1.tlog
E:\devshare\resource\trader-demo-linux64\Debug\link.988.read.1.tlog
E:\devshare\resource\trader-demo-linux64\Debug\link.988.write.1.tlog
E:\devshare\resource\trader-demo-linux64\Debug\link.command.1.tlog
E:\devshare\resource\trader-demo-linux64\Debug\link.read.1.tlog
E:\devshare\resource\trader-demo-linux64\Debug\link.write.1.tlog
E:\devshare\resource\trader-demo-linux64\Debug\rc.command.1.tlog
E:\devshare\resource\trader-demo-linux64\Debug\rc.read.1.tlog
E:\devshare\resource\trader-demo-linux64\Debug\rc.write.1.tlog
E:\devshare\resource\trader-demo-linux64\Debug\CTP_DemoLin.res
E:\devshare\resource\trader-demo-linux64\Debug\vc110.idb
E:\devshare\resource\trader-demo-linux64\Debug\CTP_DemoLin.pdb
E:\devshare\resource\trader-demo-linux64\Debug\vc110.pdb
